# JRE version: OpenJDK Runtime Environment (14.0.1+7) (build 14.0.1+7)
# Java VM: OpenJDK 64-Bit Server VM (14.0.1+7, mixed mode, sharing, tiered, compressed oops, g1 gc, linux-amd64)
Heap:
 garbage-first heap   total 665600K, used 1733K [0x00000000c2800000, 0x0000000100000000)
  region size 1024K, 0 young (0K), 0 survivors (0K)
 Metaspace       used 1245K, capacity 4630K, committed 4864K, reserved 1056768K
  class space    used 116K, capacity 411K, committed 512K, reserved 1048576K
GC Heap History (20 events):
Event: 414.098 GC heap after
{Heap after GC invocations=7326 (full 0):
 garbage-first heap   total 579584K, used 1733K [0x00000000c2800000, 0x0000000100000000)
  region size 1024K, 0 young (0K), 0 survivors (0K)
 Metaspace       used 1245K, capacity 4630K, committed 4864K, reserved 1056768K
  class space    used 116K, capacity 411K, committed 512K, reserved 1048576K
}
Event: 414.158 GC heap before
{Heap before GC invocations=7326 (full 0):
 garbage-first heap   total 579584K, used 348869K [0x00000000c2800000, 0x0000000100000000)
  region size 1024K, 339 young (347136K), 0 survivors (0K)
 Metaspace       used 1245K, capacity 4630K, committed 4864K, reserved 1056768K
  class space    used 116K, capacity 411K, committed 512K, reserved 1048576K
}
Event: 414.159 GC heap after
{Heap after GC invocations=7327 (full 0):
 garbage-first heap   total 579584K, used 1733K [0x00000000c2800000, 0x0000000100000000)
  region size 1024K, 0 young (0K), 0 survivors (0K)
 Metaspace       used 1245K, capacity 4630K, committed 4864K, reserved 1056768K
  class space    used 116K, capacity 411K, committed 512K, reserved 1048576K
}
Event: 414.205 GC heap before
{Heap before GC invocations=7327 (full 0):
 garbage-first heap   total 579584K, used 348869K [0x00000000c2800000, 0x0000000100000000)
  region size 1024K, 339 young (347136K), 0 survivors (0K)
 Metaspace       used 1245K, capacity 4630K, committed 4864K, reserved 1056768K
  class space    used 116K, capacity 411K, committed 512K, reserved 1048576K
}
Event: 414.207 GC heap after
{Heap after GC invocations=7328 (full 0):
 garbage-first heap   total 579584K, used 1733K [0x00000000c2800000, 0x0000000100000000)
  region size 1024K, 0 young (0K), 0 survivors (0K)
 Metaspace       used 1245K, capacity 4630K, committed 4864K, reserved 1056768K
  class space    used 116K, capacity 411K, committed 512K, reserved 1048576K
}
Event: 414.244 GC heap before
{Heap before GC invocations=7328 (full 0):
 garbage-first heap   total 579584K, used 348869K [0x00000000c2800000, 0x0000000100000000)
  region size 1024K, 339 young (347136K), 0 survivors (0K)
 Metaspace       used 1245K, capacity 4630K, committed 4864K, reserved 1056768K
  class space    used 116K, capacity 411K, committed 512K, reserved 1048576K
}
Event: 414.251 GC heap after
{Heap after GC invocations=7329 (full 0):
 garbage-first heap   total 579584K, used 1733K [0x00000000c2800000, 0x0000000100000000)
  region size 1024K, 0 young (0K), 0 survivors (0K)
 Metaspace       used 1245K, capacity 4630K, committed 4864K, reserved 1056768K
  class space    used 116K, capacity 411K, committed 512K, reserved 1048576K
}
Event: 414.304 GC heap before
{Heap before GC invocations=7329 (full 0):
 garbage-first heap   total 579584K, used 348869K [0x00000000c2800000, 0x0000000100000000)
  region size 1024K, 339 young (347136K), 0 survivors (0K)
 Metaspace       used 1245K, capacity 4630K, committed 4864K, reserved 1056768K
  class space    used 116K, capacity 411K, committed 512K, reserved 1048576K
}
Event: 414.306 GC heap after
{Heap after GC invocations=7330 (full 0):
 garbage-first heap   total 579584K, used 1733K [0x00000000c2800000, 0x0000000100000000)
  region size 1024K, 0 young (0K), 0 survivors (0K)
 Metaspace       used 1245K, capacity 4630K, committed 4864K, reserved 1056768K
  class space    used 116K, capacity 411K, committed 512K, reserved 1048576K
}
Event: 414.375 GC heap before
{Heap before GC invocations=7330 (full 0):
 garbage-first heap   total 579584K, used 348869K [0x00000000c2800000, 0x0000000100000000)
  region size 1024K, 339 young (347136K), 0 survivors (0K)
 Metaspace       used 1245K, capacity 4630K, committed 4864K, reserved 1056768K
  class space    used 116K, capacity 411K, committed 512K, reserved 1048576K
}
Event: 414.378 GC heap after
{Heap after GC invocations=7331 (full 0):
 garbage-first heap   total 579584K, used 1733K [0x00000000c2800000, 0x0000000100000000)
  region size 1024K, 0 young (0K), 0 survivors (0K)
 Metaspace       used 1245K, capacity 4630K, committed 4864K, reserved 1056768K
  class space    used 116K, capacity 411K, committed 512K, reserved 1048576K
}
Event: 414.448 GC heap before
{Heap before GC invocations=7331 (full 0):
 garbage-first heap   total 579584K, used 348869K [0x00000000c2800000, 0x0000000100000000)
  region size 1024K, 339 young (347136K), 0 survivors (0K)
 Metaspace       used 1245K, capacity 4630K, committed 4864K, reserved 1056768K
  class space    used 116K, capacity 411K, committed 512K, reserved 1048576K
}
Event: 414.450 GC heap after
{Heap after GC invocations=7332 (full 0):
 garbage-first heap   total 579584K, used 1733K [0x00000000c2800000, 0x0000000100000000)
  region size 1024K, 0 young (0K), 0 survivors (0K)
 Metaspace       used 1245K, capacity 4630K, committed 4864K, reserved 1056768K
  class space    used 116K, capacity 411K, committed 512K, reserved 1048576K
}
Event: 414.588 GC heap before
{Heap before GC invocations=7332 (full 0):
 garbage-first heap   total 579584K, used 348869K [0x00000000c2800000, 0x0000000100000000)
  region size 1024K, 339 young (347136K), 0 survivors (0K)
 Metaspace       used 1245K, capacity 4630K, committed 4864K, reserved 1056768K
  class space    used 116K, capacity 411K, committed 512K, reserved 1048576K
}
Event: 414.633 GC heap after
{Heap after GC invocations=7333 (full 0):
 garbage-first heap   total 579584K, used 1733K [0x00000000c2800000, 0x0000000100000000)
  region size 1024K, 0 young (0K), 0 survivors (0K)
 Metaspace       used 1245K, capacity 4630K, committed 4864K, reserved 1056768K
  class space    used 116K, capacity 411K, committed 512K, reserved 1048576K
}
Event: 414.777 GC heap before
{Heap before GC invocations=7333 (full 0):
 garbage-first heap   total 579584K, used 348869K [0x00000000c2800000, 0x0000000100000000)
  region size 1024K, 339 young (347136K), 0 survivors (0K)
 Metaspace       used 1245K, capacity 4630K, committed 4864K, reserved 1056768K
  class space    used 116K, capacity 411K, committed 512K, reserved 1048576K
}
Event: 414.786 GC heap after
{Heap after GC invocations=7334 (full 0):
 garbage-first heap   total 579584K, used 1733K [0x00000000c2800000, 0x0000000100000000)
  region size 1024K, 0 young (0K), 0 survivors (0K)
 Metaspace       used 1245K, capacity 4630K, committed 4864K, reserved 1056768K
  class space    used 116K, capacity 411K, committed 512K, reserved 1048576K
}
Event: 414.878 GC heap before
{Heap before GC invocations=7334 (full 0):
 garbage-first heap   total 579584K, used 348869K [0x00000000c2800000, 0x0000000100000000)
  region size 1024K, 339 young (347136K), 0 survivors (0K)
 Metaspace       used 1245K, capacity 4630K, committed 4864K, reserved 1056768K
  class space    used 116K, capacity 411K, committed 512K, reserved 1048576K
}
Event: 414.890 GC heap after
{Heap after GC invocations=7335 (full 0):
 garbage-first heap   total 579584K, used 1733K [0x00000000c2800000, 0x0000000100000000)
  region size 1024K, 0 young (0K), 0 survivors (0K)
 Metaspace       used 1245K, capacity 4630K, committed 4864K, reserved 1056768K
  class space    used 116K, capacity 411K, committed 512K, reserved 1048576K
}
Event: 415.010 GC heap before
{Heap before GC invocations=7335 (full 0):
 garbage-first heap   total 579584K, used 348869K [0x00000000c2800000, 0x0000000100000000)
  region size 1024K, 339 young (347136K), 0 survivors (0K)
 Metaspace       used 1245K, capacity 4630K, committed 4864K, reserved 1056768K
  class space    used 116K, capacity 411K, committed 512K, reserved 1048576K
}

